[debug] [2025-06-02T22:53:23.851Z] ----------------------------------------------------------------------
[debug] [2025-06-02T22:53:23.853Z] Command:       C:\Program Files\nodejs\node.exe C:\Users\AnthonyDev\AppData\Roaming\npm\node_modules\firebase-tools\lib\bin\firebase.js init hosting
[debug] [2025-06-02T22:53:23.853Z] CLI Version:   14.5.1
[debug] [2025-06-02T22:53:23.853Z] Platform:      win32
[debug] [2025-06-02T22:53:23.853Z] Node Version:  v24.1.0
[debug] [2025-06-02T22:53:23.853Z] Time:          Mon Jun 02 2025 16:53:23 GMT-0600 (hora estándar central)
[debug] [2025-06-02T22:53:23.853Z] ----------------------------------------------------------------------
[debug] 
[debug] [2025-06-02T22:53:23.856Z] > command requires scopes: ["email","openid","https://www.googleapis.com/auth/cloudplatformprojects.readonly","https://www.googleapis.com/auth/firebase","https://www.googleapis.com/auth/cloud-platform"]
[debug] [2025-06-02T22:53:23.856Z] > authorizing via signed-in user (pimpoli91gamer@gmail.com)
[info] 
     ######## #### ########  ######## ########     ###     ######  ########
     ##        ##  ##     ## ##       ##     ##  ##   ##  ##       ##
     ######    ##  ########  ######   ########  #########  ######  ######
     ##        ##  ##    ##  ##       ##     ## ##     ##       ## ##
     ##       #### ##     ## ######## ########  ##     ##  ######  ########

You're about to initialize a Firebase project in this directory:

  C:\Users\AnthonyDev\Desktop\mi-portfolio

[info] 
=== Project Setup
[info] 
[info] First, let's associate this project directory with a Firebase project.
[info] You can create multiple project aliases by running firebase use --add, 
[info] but for now we'll just set up a default project.
[info] 
[debug] [2025-06-02T22:54:50.942Z] Checked if tokens are valid: true, expires at: 1748908214333
[debug] [2025-06-02T22:54:50.942Z] Checked if tokens are valid: true, expires at: 1748908214333
[debug] [2025-06-02T22:54:50.943Z] >>> [apiv2][query] GET https://firebase.googleapis.com/v1beta1/projects pageSize=100
[debug] [2025-06-02T22:54:51.216Z] <<< [apiv2][status] GET https://firebase.googleapis.com/v1beta1/projects 200
[debug] [2025-06-02T22:54:51.216Z] <<< [apiv2][body] GET https://firebase.googleapis.com/v1beta1/projects [omitted]
[info] i  Using project pmpolidev (pmpolidev) 
[info] 
=== Hosting Setup
[debug] [2025-06-02T22:54:55.835Z] Checked if tokens are valid: true, expires at: 1748908214333
[debug] [2025-06-02T22:54:55.836Z] Checked if tokens are valid: true, expires at: 1748908214333
[debug] [2025-06-02T22:54:55.836Z] >>> [apiv2][query] GET https://firebase.googleapis.com/v1beta1/projects/pmpolidev [none]
[debug] [2025-06-02T22:54:56.019Z] <<< [apiv2][status] GET https://firebase.googleapis.com/v1beta1/projects/pmpolidev 200
[debug] [2025-06-02T22:54:56.020Z] <<< [apiv2][body] GET https://firebase.googleapis.com/v1beta1/projects/pmpolidev {"projectId":"pmpolidev","projectNumber":"688492259484","displayName":"pmpolidev","name":"projects/pmpolidev","resources":{"hostingSite":"pmpolidev"},"state":"ACTIVE","etag":"1_e0d8d968-3de5-43dd-a087-3daf08701c66"}
[info] 
[info] Your public directory is the folder (relative to your project directory) that
[info] will contain Hosting assets to be uploaded with firebase deploy. If you
[info] have a build process for your assets, use your build's output directory.
[info] 
[debug] [2025-06-02T22:55:16.501Z] >>> [apiv2][query] GET https://www.gstatic.com/firebasejs/releases.json [none]
[debug] [2025-06-02T22:55:16.573Z] <<< [apiv2][status] GET https://www.gstatic.com/firebasejs/releases.json 200
[debug] [2025-06-02T22:55:16.574Z] <<< [apiv2][body] GET https://www.gstatic.com/firebasejs/releases.json {"current":{"version":"11.8.1","browserURL":"https://www.gstatic.com/firebasejs/11.8.1/firebase.js","packageURL":"https://www.gstatic.com/firebasejs/11.8.1/firebase.tgz"},"live":{"version":"11.8","browserURL":"https://www.gstatic.com/firebasejs/live/11.8/firebase.js","packageURL":"https://www.gstatic.com/firebasejs/live/11.8/firebase.tgz"},"components":{"ai":"https://www.gstatic.com/firebasejs/11.8.1/firebase-ai.js","analytics":"https://www.gstatic.com/firebasejs/11.8.1/firebase-analytics.js","app":"https://www.gstatic.com/firebasejs/11.8.1/firebase-app.js","app-check":"https://www.gstatic.com/firebasejs/11.8.1/firebase-app-check.js","auth":"https://www.gstatic.com/firebasejs/11.8.1/firebase-auth.js","auth/cordova":"https://www.gstatic.com/firebasejs/11.8.1/firebase-auth/cordova.js","auth/web-extension":"https://www.gstatic.com/firebasejs/11.8.1/firebase-auth/web-extension.js","functions":"https://www.gstatic.com/firebasejs/11.8.1/firebase-functions.js","firestore":"https://www.gstatic.com/firebasejs/11.8.1/firebase-firestore.js","firestore/lite":"https://www.gstatic.com/firebasejs/11.8.1/firebase-firestore/lite.js","installations":"https://www.gstatic.com/firebasejs/11.8.1/firebase-installations.js","storage":"https://www.gstatic.com/firebasejs/11.8.1/firebase-storage.js","performance":"https://www.gstatic.com/firebasejs/11.8.1/firebase-performance.js","remote-config":"https://www.gstatic.com/firebasejs/11.8.1/firebase-remote-config.js","messaging":"https://www.gstatic.com/firebasejs/11.8.1/firebase-messaging.js","messaging/sw":"https://www.gstatic.com/firebasejs/11.8.1/firebase-messaging/sw.js","database":"https://www.gstatic.com/firebasejs/11.8.1/firebase-database.js","vertexai":"https://www.gstatic.com/firebasejs/11.8.1/firebase-vertexai.js","data-connect":"https://www.gstatic.com/firebasejs/11.8.1/firebase-data-connect.js","firestore.memory":"https://www.gstatic.com/firebasejs/11.8.1/firebase-firestore.memory.js"}}
[info] +  Wrote public/index.html 
[info] 
[info] i  Didn't detect a .git folder. Assuming C:\Users\AnthonyDev\Desktop\mi-portfolio is the project root. 
[info] i  Authorizing with GitHub to upload your service account to a GitHub repository's secrets store. 
[info] 
[info] Visit this URL on this device to log in:
[info] https://github.com/login/oauth/authorize?client_id=89cf50f02ac6aaed3484&state=479337249&redirect_uri=http%3A%2F%2Flocalhost%3A9005&scope=read%3Auser%20repo%20public_repo
[info] 
[info] Waiting for authentication...
[debug] [2025-06-02T22:55:21.153Z] >>> [apiv2][query] POST https://github.com/login/oauth/access_token [none]
[debug] [2025-06-02T22:55:21.153Z] >>> [apiv2][body] POST https://github.com/login/oauth/access_token [stream]
[debug] [2025-06-02T22:55:21.421Z] <<< [apiv2][status] POST https://github.com/login/oauth/access_token 200
[debug] [2025-06-02T22:55:21.422Z] <<< [apiv2][body] POST https://github.com/login/oauth/access_token {"access_token":"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","token_type":"bearer","scope":"read:user,repo"}
[debug] [2025-06-02T22:55:21.428Z] >>> [apiv2][query] GET https://api.github.com/user [none]
[debug] [2025-06-02T22:55:21.817Z] <<< [apiv2][status] GET https://api.github.com/user 200
[debug] [2025-06-02T22:55:21.817Z] <<< [apiv2][body] GET https://api.github.com/user {"login":"Pimpoli","id":153105778,"node_id":"U_kgDOCSA1cg","avatar_url":"https://avatars.githubusercontent.com/u/153105778?v=4","gravatar_id":"","url":"https://api.github.com/users/Pimpoli","html_url":"https://github.com/Pimpoli","followers_url":"https://api.github.com/users/Pimpoli/followers","following_url":"https://api.github.com/users/Pimpoli/following{/other_user}","gists_url":"https://api.github.com/users/Pimpoli/gists{/gist_id}","starred_url":"https://api.github.com/users/Pimpoli/starred{/owner}{/repo}","subscriptions_url":"https://api.github.com/users/Pimpoli/subscriptions","organizations_url":"https://api.github.com/users/Pimpoli/orgs","repos_url":"https://api.github.com/users/Pimpoli/repos","events_url":"https://api.github.com/users/Pimpoli/events{/privacy}","received_events_url":"https://api.github.com/users/Pimpoli/received_events","type":"User","user_view_type":"private","site_admin":false,"name":"PmpoliDev","company":null,"blog":"","location":null,"email":null,"hireable":null,"bio":null,"twitter_username":null,"notification_email":null,"public_repos":5,"public_gists":0,"followers":0,"following":0,"created_at":"2023-12-06T15:30:06Z","updated_at":"2025-06-02T16:13:38Z","private_gists":0,"total_private_repos":0,"owned_private_repos":0,"disk_usage":20708,"collaborators":0,"two_factor_authentication":false,"plan":{"name":"free","space":976562499,"collaborators":0,"private_repos":10000}}
[info] 
[info] +  Success! Logged into GitHub as Pimpoli 
[info] 
[debug] [2025-06-02T22:56:07.339Z] >>> [apiv2][query] GET https://api.github.com/repos/n/actions/secrets/public-key type=owner
[debug] [2025-06-02T22:56:07.592Z] <<< [apiv2][status] GET https://api.github.com/repos/n/actions/secrets/public-key 404
[debug] [2025-06-02T22:56:07.593Z] <<< [apiv2][body] GET https://api.github.com/repos/n/actions/secrets/public-key {"message":"Not Found","documentation_url":"https://docs.github.com/rest","status":"404"}
[info] 
[info] 
[error] !  The provided authorization cannot be used with this repository. If this repository is in an organization, did you remember to grant access? 
[info] 
[info] i  Action required: Visit this URL to ensure access has been granted to the appropriate organization(s) for the Firebase CLI GitHub OAuth App: 
[info] https://github.com/settings/connections/applications/89cf50f02ac6aaed3484
[info] 
[debug] [2025-06-02T22:56:32.034Z] >>> [apiv2][query] GET https://api.github.com/repos/https://github.com/Pimpoli/pmpolidev-portfolio.github.io/actions/secrets/public-key type=owner
[debug] [2025-06-02T22:56:32.245Z] <<< [apiv2][status] GET https://api.github.com/repos/https://github.com/Pimpoli/pmpolidev-portfolio.github.io/actions/secrets/public-key 404
[debug] [2025-06-02T22:56:32.246Z] <<< [apiv2][body] GET https://api.github.com/repos/https://github.com/Pimpoli/pmpolidev-portfolio.github.io/actions/secrets/public-key {"message":"Not Found","documentation_url":"https://docs.github.com/rest","status":"404"}
[info] 
[info] 
[error] !  The provided authorization cannot be used with this repository. If this repository is in an organization, did you remember to grant access? 
[info] 
[info] i  Action required: Visit this URL to ensure access has been granted to the appropriate organization(s) for the Firebase CLI GitHub OAuth App: 
[info] https://github.com/settings/connections/applications/89cf50f02ac6aaed3484
[info] 
[debug] [2025-06-02T22:56:53.589Z] >>> [apiv2][query] GET https://api.github.com/repos/https://github.com/Pimpoli/pmpolidev-portfolio.github.io/actions/secrets/public-key type=owner
[debug] [2025-06-02T22:56:53.801Z] <<< [apiv2][status] GET https://api.github.com/repos/https://github.com/Pimpoli/pmpolidev-portfolio.github.io/actions/secrets/public-key 404
[debug] [2025-06-02T22:56:53.802Z] <<< [apiv2][body] GET https://api.github.com/repos/https://github.com/Pimpoli/pmpolidev-portfolio.github.io/actions/secrets/public-key {"message":"Not Found","documentation_url":"https://docs.github.com/rest","status":"404"}
[info] 
[info] 
[error] !  The provided authorization cannot be used with this repository. If this repository is in an organization, did you remember to grant access? 
[info] 
[info] i  Action required: Visit this URL to ensure access has been granted to the appropriate organization(s) for the Firebase CLI GitHub OAuth App: 
[info] https://github.com/settings/connections/applications/89cf50f02ac6aaed3484
[info] 
[debug] [2025-06-02T22:56:54.472Z] >>> [apiv2][query] GET https://api.github.com/repos/https://github.com/Pimpoli/pmpolidev-portfolio.github.io/actions/secrets/public-key type=owner
[debug] [2025-06-02T22:56:54.558Z] <<< [apiv2][status] GET https://api.github.com/repos/https://github.com/Pimpoli/pmpolidev-portfolio.github.io/actions/secrets/public-key 404
[debug] [2025-06-02T22:56:54.558Z] <<< [apiv2][body] GET https://api.github.com/repos/https://github.com/Pimpoli/pmpolidev-portfolio.github.io/actions/secrets/public-key {"message":"Not Found","documentation_url":"https://docs.github.com/rest","status":"404"}
[info] 
[info] 
[error] !  The provided authorization cannot be used with this repository. If this repository is in an organization, did you remember to grant access? 
[info] 
[info] i  Action required: Visit this URL to ensure access has been granted to the appropriate organization(s) for the Firebase CLI GitHub OAuth App: 
[info] https://github.com/settings/connections/applications/89cf50f02ac6aaed3484
[info] 
[debug] [2025-06-02T22:57:15.534Z] >>> [apiv2][query] GET https://api.github.com/repos/PmpoliDev/actions/secrets/public-key type=owner
[debug] [2025-06-02T22:57:15.758Z] <<< [apiv2][status] GET https://api.github.com/repos/PmpoliDev/actions/secrets/public-key 404
[debug] [2025-06-02T22:57:15.758Z] <<< [apiv2][body] GET https://api.github.com/repos/PmpoliDev/actions/secrets/public-key {"message":"Not Found","documentation_url":"https://docs.github.com/rest","status":"404"}
[info] 
[info] 
[error] !  The provided authorization cannot be used with this repository. If this repository is in an organization, did you remember to grant access? 
[info] 
[info] i  Action required: Visit this URL to ensure access has been granted to the appropriate organization(s) for the Firebase CLI GitHub OAuth App: 
[info] https://github.com/settings/connections/applications/89cf50f02ac6aaed3484
[info] 
